<?xml version="1.0" encoding="UTF-8"?>
<!-- Generated by org.testng.reporters.JUnitXMLReporter -->
<testsuite hostname="dell-PC" ignored="0" name="Test" tests="3" failures="0" timestamp="2019-08-22T18:22:34 IST" time="0.187" errors="0">
  <testcase name="testcase3" time="0.035" classname="testng7.features.Test3"/>
  <testcase name="testcase1" time="0.035" classname="testng7.features.Test1"/>
  <testcase name="testcase2" time="0.035" classname="testng7.features.Test2"/>
</testsuite> <!-- Test -->
