<?xml version="1.0" encoding="UTF-8"?>
<testng-results skipped="0" failed="0" ignored="0" total="3" passed="3">
  <reporter-output>
  </reporter-output>
  <suite name="Suite" duration-ms="187" started-at="2019-08-22T18:22:33 IST" finished-at="2019-08-22T18:22:33 IST">
    <groups>
    </groups>
    <test name="Test" duration-ms="187" started-at="2019-08-22T18:22:33 IST" finished-at="2019-08-22T18:22:33 IST">
      <class name="testng7.features.Test1">
        <test-method status="PASS" signature="testcase1()[pri:0, instance:testng7.features.Test1@9660f4e]" name="testcase1" duration-ms="35" started-at="2019-08-22T18:22:33 IST" finished-at="2019-08-22T18:22:33 IST">
          <reporter-output>
          </reporter-output>
        </test-method> <!-- testcase1 -->
      </class> <!-- testng7.features.Test1 -->
      <class name="testng7.features.Test2">
        <test-method status="PASS" signature="testcase2()[pri:0, instance:testng7.features.Test2@7c29daf3]" name="testcase2" duration-ms="35" started-at="2019-08-22T18:22:33 IST" finished-at="2019-08-22T18:22:33 IST">
          <reporter-output>
          </reporter-output>
        </test-method> <!-- testcase2 -->
      </class> <!-- testng7.features.Test2 -->
      <class name="testng7.features.Test3">
        <test-method status="PASS" signature="testcase3()[pri:0, instance:testng7.features.Test3@5a8806ef]" name="testcase3" duration-ms="35" started-at="2019-08-22T18:22:33 IST" finished-at="2019-08-22T18:22:33 IST">
          <reporter-output>
          </reporter-output>
        </test-method> <!-- testcase3 -->
      </class> <!-- testng7.features.Test3 -->
    </test> <!-- Test -->
  </suite> <!-- Suite -->
</testng-results>
